[debug] [2017-08-16T03:31:48.846Z] ----------------------------------------------------------------------
[debug] [2017-08-16T03:31:48.846Z] Command:       C:\Program Files\nodejs\node.exe C:\Users\Alumna\AppData\Roaming\npm\node_modules\firebase-tools\bin\firebase serve
[debug] [2017-08-16T03:31:48.846Z] CLI Version:   3.9.2
[debug] [2017-08-16T03:31:48.846Z] Platform:      win32
[debug] [2017-08-16T03:31:48.846Z] Node Version:  v6.9.5
[debug] [2017-08-16T03:31:48.846Z] Time:          Tue Aug 15 2017 22:31:48 GMT-0500 (Hora de verano central (México))
[debug] [2017-08-16T03:31:48.846Z] ----------------------------------------------------------------------
[debug] 
[debug] [2017-08-16T03:31:49.017Z] > command requires scopes: ["email","openid","https://www.googleapis.com/auth/cloudplatformprojects.readonly","https://www.googleapis.com/auth/firebase","https://www.googleapis.com/auth/cloud-platform"]
[debug] [2017-08-16T03:31:49.017Z] > authorizing via signed-in user
[debug] [2017-08-16T03:31:49.033Z] > refreshing access token with scopes: ["email","https://www.googleapis.com/auth/cloud-platform","https://www.googleapis.com/auth/cloudplatformprojects.readonly","https://www.googleapis.com/auth/firebase","openid"]
[debug] [2017-08-16T03:31:49.033Z] >>> HTTP REQUEST POST https://www.googleapis.com/oauth2/v3/token { refresh_token: '1/S1KVHuAO9Iv6eHy8z02nT94RznL-50d7UsXl64vnOsg',
  client_id: '563584335869-fgrhgmd47bqnekij5i8b5pr03ho849e6.apps.googleusercontent.com',
  client_secret: 'j9iVZfS8kkCEFUPaAeJV0sAi',
  grant_type: 'refresh_token',
  scope: 'email https://www.googleapis.com/auth/cloud-platform https://www.googleapis.com/auth/cloudplatformprojects.readonly https://www.googleapis.com/auth/firebase openid' } 
 Tue Aug 15 2017 22:31:49 GMT-0500 (Hora de verano central (México))
[debug] [2017-08-16T03:31:49.407Z] <<< HTTP RESPONSE 200
[debug] [2017-08-16T03:31:49.532Z] >>> HTTP REQUEST GET https://admin.firebase.com/v1/projects/x-app-a4675  
 Tue Aug 15 2017 22:31:49 GMT-0500 (Hora de verano central (México))
[debug] [2017-08-16T03:31:50.159Z] <<< HTTP RESPONSE 200
[debug] [2017-08-16T03:31:50.159Z] >>> HTTP REQUEST GET https://admin.firebase.com/v1/database/x-app-a4675/tokens  
 Tue Aug 15 2017 22:31:50 GMT-0500 (Hora de verano central (México))
[debug] [2017-08-16T03:31:50.768Z] <<< HTTP RESPONSE 200
[info] 
[info] === Serving from 'C:\Users\Alumna\Desktop\Ann\Accenture'...
[info] 
[debug] [2017-08-16T03:31:50.768Z] >>> HTTP REQUEST GET https://cloudresourcemanager.googleapis.com/v1/projects/x-app-a4675  
 Tue Aug 15 2017 22:31:50 GMT-0500 (Hora de verano central (México))
[debug] [2017-08-16T03:31:51.206Z] <<< HTTP RESPONSE 200
[debug] [2017-08-16T03:31:51.206Z] >>> HTTP REQUEST GET https://mobilesdk-pa.googleapis.com/v1/projects/657424766858/clients/_:getWebAppConfig  
 Tue Aug 15 2017 22:31:51 GMT-0500 (Hora de verano central (México))
[debug] [2017-08-16T03:31:51.627Z] <<< HTTP RESPONSE 200
[info] i  hosting: Serving hosting files from: public
[info] +  hosting: Local server: http://localhost:5000

